[debug] [2023-10-03T00:23:06.583Z] ----------------------------------------------------------------------
[debug] [2023-10-03T00:23:06.584Z] Command:       /opt/homebrew/Cellar/node/20.5.0/bin/node /opt/homebrew/bin/firebase init
[debug] [2023-10-03T00:23:06.584Z] CLI Version:   12.4.6
[debug] [2023-10-03T00:23:06.584Z] Platform:      darwin
[debug] [2023-10-03T00:23:06.584Z] Node Version:  v20.5.0
[debug] [2023-10-03T00:23:06.584Z] Time:          Mon Oct 02 2023 17:23:06 GMT-0700 (Pacific Daylight Time)
[debug] [2023-10-03T00:23:06.584Z] ----------------------------------------------------------------------
[debug] 
[debug] [2023-10-03T00:23:06.587Z] > command requires scopes: ["email","openid","https://www.googleapis.com/auth/cloudplatformprojects.readonly","https://www.googleapis.com/auth/firebase","https://www.googleapis.com/auth/cloud-platform"]
[debug] [2023-10-03T00:23:06.587Z] > authorizing via signed-in user (creative.engineeringdev@gmail.com)
[info] 
     ######## #### ########  ######## ########     ###     ######  ########
     ##        ##  ##     ## ##       ##     ##  ##   ##  ##       ##
     ######    ##  ########  ######   ########  #########  ######  ######
     ##        ##  ##    ##  ##       ##     ## ##     ##       ## ##
     ##       #### ##     ## ######## ########  ##     ##  ######  ########

You're about to initialize a Firebase project in this directory:

  /Users/chaoticgreen/Lab/experiments/momsApps/Relaxation-Hub

[info] 
=== Project Setup
[info] 
[info] First, let's associate this project directory with a Firebase project.
[info] You can create multiple project aliases by running firebase use --add, 
[info] but for now we'll just set up a default project.
[info] 
[debug] [2023-10-03T00:23:11.402Z] >>> [apiv2][query] GET https://firebase.googleapis.com/v1beta1/projects pageSize=100
[debug] [2023-10-03T00:23:11.876Z] <<< [apiv2][status] GET https://firebase.googleapis.com/v1beta1/projects 200
[debug] [2023-10-03T00:23:11.877Z] <<< [apiv2][body] GET https://firebase.googleapis.com/v1beta1/projects [omitted]
[info] i  Using project relaxation-hub (Relaxation Hub) 
[info] 
=== Database Setup
[info] i  database: ensuring required API firebasedatabase.googleapis.com is enabled... 
[debug] [2023-10-03T00:23:14.994Z] >>> [apiv2][query] GET https://serviceusage.googleapis.com/v1/projects/relaxation-hub/services/firebasedatabase.googleapis.com [none]
[debug] [2023-10-03T00:23:14.994Z] >>> [apiv2][(partial)header] GET https://serviceusage.googleapis.com/v1/projects/relaxation-hub/services/firebasedatabase.googleapis.com x-goog-quota-user=projects/relaxation-hub
[debug] [2023-10-03T00:23:15.844Z] <<< [apiv2][status] GET https://serviceusage.googleapis.com/v1/projects/relaxation-hub/services/firebasedatabase.googleapis.com 200
[debug] [2023-10-03T00:23:15.844Z] <<< [apiv2][body] GET https://serviceusage.googleapis.com/v1/projects/relaxation-hub/services/firebasedatabase.googleapis.com [omitted]
[info] ✔  database: required API firebasedatabase.googleapis.com is enabled 
[info] 
[debug] [2023-10-03T00:23:15.846Z] >>> [apiv2][query] GET https://firebasedatabase.googleapis.com/v1beta/projects/relaxation-hub/locations/-/instances/relaxation-hub-default-rtdb [none]
[debug] [2023-10-03T00:23:16.864Z] <<< [apiv2][status] GET https://firebasedatabase.googleapis.com/v1beta/projects/relaxation-hub/locations/-/instances/relaxation-hub-default-rtdb 200
[debug] [2023-10-03T00:23:16.864Z] <<< [apiv2][body] GET https://firebasedatabase.googleapis.com/v1beta/projects/relaxation-hub/locations/-/instances/relaxation-hub-default-rtdb {"name":"projects/250063019301/locations/us-central1/instances/relaxation-hub-default-rtdb","project":"projects/250063019301","databaseUrl":"https://relaxation-hub-default-rtdb.firebaseio.com","type":"DEFAULT_DATABASE","state":"ACTIVE"}
[info] 
[info] Firebase Realtime Database Security Rules allow you to define how your data should be
[info] structured and when your data can be read from and written to.
[info] 
[debug] [2023-10-03T00:23:22.865Z] >>> [apiv2][query] GET https://relaxation-hub-default-rtdb.firebaseio.com/.settings/rules.json [none]
[debug] [2023-10-03T00:23:23.209Z] <<< [apiv2][status] GET https://relaxation-hub-default-rtdb.firebaseio.com/.settings/rules.json 200
[debug] [2023-10-03T00:23:23.209Z] <<< [apiv2][body] GET https://relaxation-hub-default-rtdb.firebaseio.com/.settings/rules.json [stream]
[info] ✔  Database Rules for relaxation-hub-default-rtdb have been written to database.rules.json. 
[info] Future modifications to database.rules.json will update Realtime Database Security Rules when you run
[info] firebase deploy.
[info] 
=== Firestore Setup
[debug] [2023-10-03T00:23:23.213Z] >>> [apiv2][query] GET https://serviceusage.googleapis.com/v1/projects/relaxation-hub/services/firestore.googleapis.com [none]
[debug] [2023-10-03T00:23:23.213Z] >>> [apiv2][(partial)header] GET https://serviceusage.googleapis.com/v1/projects/relaxation-hub/services/firestore.googleapis.com x-goog-quota-user=projects/relaxation-hub
[debug] [2023-10-03T00:23:23.825Z] <<< [apiv2][status] GET https://serviceusage.googleapis.com/v1/projects/relaxation-hub/services/firestore.googleapis.com 200
[debug] [2023-10-03T00:23:23.826Z] <<< [apiv2][body] GET https://serviceusage.googleapis.com/v1/projects/relaxation-hub/services/firestore.googleapis.com [omitted]
[debug] [2023-10-03T00:23:23.826Z] >>> [apiv2][query] GET https://firestore.googleapis.com/v1/projects/relaxation-hub/databases/(default) [none]
[debug] [2023-10-03T00:23:24.296Z] <<< [apiv2][status] GET https://firestore.googleapis.com/v1/projects/relaxation-hub/databases/(default) 200
[debug] [2023-10-03T00:23:24.296Z] <<< [apiv2][body] GET https://firestore.googleapis.com/v1/projects/relaxation-hub/databases/(default) {"name":"projects/relaxation-hub/databases/(default)","uid":"67265cec-0a6a-421b-a5b4-b7ed1c1156ab","createTime":"2023-10-03T00:20:30.063368Z","updateTime":"2023-10-03T00:20:30.063368Z","locationId":"nam5","type":"FIRESTORE_NATIVE","concurrencyMode":"PESSIMISTIC","versionRetentionPeriod":"3600s","earliestVersionTime":"2023-10-03T00:20:30.063368Z","appEngineIntegrationMode":"DISABLED","keyPrefix":"s","pointInTimeRecoveryEnablement":"POINT_IN_TIME_RECOVERY_DISABLED","deleteProtectionState":"DELETE_PROTECTION_DISABLED","etag":"IMTr97DO2IEDMIy0tfvN2IED"}
[debug] [2023-10-03T00:23:24.296Z] database_type: FIRESTORE_NATIVE
[debug] [2023-10-03T00:23:24.297Z] > command requires scopes: ["email","openid","https://www.googleapis.com/auth/cloudplatformprojects.readonly","https://www.googleapis.com/auth/firebase","https://www.googleapis.com/auth/cloud-platform"]
[debug] [2023-10-03T00:23:24.297Z] > authorizing via signed-in user (creative.engineeringdev@gmail.com)
[debug] [2023-10-03T00:23:24.297Z] [iam] checking project relaxation-hub for permissions ["firebase.projects.get"]
[debug] [2023-10-03T00:23:24.297Z] >>> [apiv2][query] POST https://cloudresourcemanager.googleapis.com/v1/projects/relaxation-hub:testIamPermissions [none]
[debug] [2023-10-03T00:23:24.297Z] >>> [apiv2][(partial)header] POST https://cloudresourcemanager.googleapis.com/v1/projects/relaxation-hub:testIamPermissions x-goog-quota-user=projects/relaxation-hub
[debug] [2023-10-03T00:23:24.297Z] >>> [apiv2][body] POST https://cloudresourcemanager.googleapis.com/v1/projects/relaxation-hub:testIamPermissions {"permissions":["firebase.projects.get"]}
[debug] [2023-10-03T00:23:24.634Z] <<< [apiv2][status] POST https://cloudresourcemanager.googleapis.com/v1/projects/relaxation-hub:testIamPermissions 200
[debug] [2023-10-03T00:23:24.635Z] <<< [apiv2][body] POST https://cloudresourcemanager.googleapis.com/v1/projects/relaxation-hub:testIamPermissions {"permissions":["firebase.projects.get"]}
[info] 
[info] Firestore Security Rules allow you to define how and when to allow
[info] requests. You can keep these rules in your project directory
[info] and publish them with firebase deploy.
[info] 
[debug] [2023-10-03T00:23:27.567Z] >>> [apiv2][query] GET https://firebaserules.googleapis.com/v1/projects/relaxation-hub/releases pageSize=10&pageToken=
[debug] [2023-10-03T00:23:28.175Z] <<< [apiv2][status] GET https://firebaserules.googleapis.com/v1/projects/relaxation-hub/releases 200
[debug] [2023-10-03T00:23:28.176Z] <<< [apiv2][body] GET https://firebaserules.googleapis.com/v1/projects/relaxation-hub/releases {"releases":[{"name":"projects/relaxation-hub/releases/cloud.firestore","rulesetName":"projects/relaxation-hub/rulesets/2c0ee915-0a44-4eb2-a4e2-310a1120ba9d","createTime":"2023-10-03T00:20:35.196361Z","updateTime":"2023-10-03T00:20:35.196361Z"}]}
[debug] [2023-10-03T00:23:28.176Z] Found ruleset: projects/relaxation-hub/rulesets/2c0ee915-0a44-4eb2-a4e2-310a1120ba9d
[debug] [2023-10-03T00:23:28.176Z] >>> [apiv2][query] GET https://firebaserules.googleapis.com/v1/projects/relaxation-hub/rulesets/2c0ee915-0a44-4eb2-a4e2-310a1120ba9d [none]
[debug] [2023-10-03T00:23:28.329Z] <<< [apiv2][status] GET https://firebaserules.googleapis.com/v1/projects/relaxation-hub/rulesets/2c0ee915-0a44-4eb2-a4e2-310a1120ba9d 200
[debug] [2023-10-03T00:23:28.330Z] <<< [apiv2][body] GET https://firebaserules.googleapis.com/v1/projects/relaxation-hub/rulesets/2c0ee915-0a44-4eb2-a4e2-310a1120ba9d [omitted]
[info] 
[info] Firestore indexes allow you to perform complex queries while
[info] maintaining performance that scales with the size of the result
[info] set. You can keep index definitions in your project directory
[info] and publish them with firebase deploy.
[info] 
[debug] [2023-10-03T00:23:29.479Z] >>> [apiv2][query] GET https://firestore.googleapis.com/v1/projects/relaxation-hub/databases/(default)/collectionGroups/-/indexes [none]
[debug] [2023-10-03T00:23:29.483Z] >>> [apiv2][query] GET https://firestore.googleapis.com/v1/projects/relaxation-hub/databases/(default)/collectionGroups/-/fields?filter=indexConfig.usesAncestorConfig=false OR ttlConfig:* [none]
[debug] [2023-10-03T00:23:30.071Z] <<< [apiv2][status] GET https://firestore.googleapis.com/v1/projects/relaxation-hub/databases/(default)/collectionGroups/-/fields?filter=indexConfig.usesAncestorConfig=false OR ttlConfig:* 200
[debug] [2023-10-03T00:23:30.072Z] <<< [apiv2][body] GET https://firestore.googleapis.com/v1/projects/relaxation-hub/databases/(default)/collectionGroups/-/fields?filter=indexConfig.usesAncestorConfig=false OR ttlConfig:* {"fields":[{"name":"projects/relaxation-hub/databases/(default)/collectionGroups/__default__/fields/*","indexConfig":{"indexes":[{"queryScope":"COLLECTION","fields":[{"fieldPath":"*","order":"ASCENDING"}],"state":"READY"},{"queryScope":"COLLECTION","fields":[{"fieldPath":"*","order":"DESCENDING"}],"state":"READY"},{"queryScope":"COLLECTION","fields":[{"fieldPath":"*","arrayConfig":"CONTAINS"}],"state":"READY"}]}}]}
[debug] [2023-10-03T00:23:30.148Z] <<< [apiv2][status] GET https://firestore.googleapis.com/v1/projects/relaxation-hub/databases/(default)/collectionGroups/-/indexes 200
[debug] [2023-10-03T00:23:30.148Z] <<< [apiv2][body] GET https://firestore.googleapis.com/v1/projects/relaxation-hub/databases/(default)/collectionGroups/-/indexes {}
[info] 
=== Functions Setup
[debug] [2023-10-03T00:23:30.151Z] > command requires scopes: ["email","openid","https://www.googleapis.com/auth/cloudplatformprojects.readonly","https://www.googleapis.com/auth/firebase","https://www.googleapis.com/auth/cloud-platform"]
[debug] [2023-10-03T00:23:30.151Z] > authorizing via signed-in user (creative.engineeringdev@gmail.com)
[debug] [2023-10-03T00:23:30.152Z] [iam] checking project relaxation-hub for permissions ["firebase.projects.get"]
[debug] [2023-10-03T00:23:30.152Z] >>> [apiv2][query] POST https://cloudresourcemanager.googleapis.com/v1/projects/relaxation-hub:testIamPermissions [none]
[debug] [2023-10-03T00:23:30.152Z] >>> [apiv2][(partial)header] POST https://cloudresourcemanager.googleapis.com/v1/projects/relaxation-hub:testIamPermissions x-goog-quota-user=projects/relaxation-hub
[debug] [2023-10-03T00:23:30.152Z] >>> [apiv2][body] POST https://cloudresourcemanager.googleapis.com/v1/projects/relaxation-hub:testIamPermissions {"permissions":["firebase.projects.get"]}
[debug] [2023-10-03T00:23:30.339Z] <<< [apiv2][status] POST https://cloudresourcemanager.googleapis.com/v1/projects/relaxation-hub:testIamPermissions 200
[debug] [2023-10-03T00:23:30.339Z] <<< [apiv2][body] POST https://cloudresourcemanager.googleapis.com/v1/projects/relaxation-hub:testIamPermissions {"permissions":["firebase.projects.get"]}
[debug] [2023-10-03T00:23:30.340Z] >>> [apiv2][query] GET https://serviceusage.googleapis.com/v1/projects/relaxation-hub/services/cloudfunctions.googleapis.com [none]
[debug] [2023-10-03T00:23:30.340Z] >>> [apiv2][(partial)header] GET https://serviceusage.googleapis.com/v1/projects/relaxation-hub/services/cloudfunctions.googleapis.com x-goog-quota-user=projects/relaxation-hub
[debug] [2023-10-03T00:23:30.343Z] >>> [apiv2][query] GET https://serviceusage.googleapis.com/v1/projects/relaxation-hub/services/runtimeconfig.googleapis.com [none]
[debug] [2023-10-03T00:23:30.343Z] >>> [apiv2][(partial)header] GET https://serviceusage.googleapis.com/v1/projects/relaxation-hub/services/runtimeconfig.googleapis.com x-goog-quota-user=projects/relaxation-hub
[debug] [2023-10-03T00:23:30.658Z] <<< [apiv2][status] GET https://serviceusage.googleapis.com/v1/projects/relaxation-hub/services/cloudfunctions.googleapis.com 200
[debug] [2023-10-03T00:23:30.658Z] <<< [apiv2][body] GET https://serviceusage.googleapis.com/v1/projects/relaxation-hub/services/cloudfunctions.googleapis.com [omitted]
[debug] [2023-10-03T00:23:30.659Z] >>> [apiv2][query] POST https://serviceusage.googleapis.com/v1/projects/relaxation-hub/services/cloudfunctions.googleapis.com:enable [none]
[debug] [2023-10-03T00:23:30.659Z] >>> [apiv2][(partial)header] POST https://serviceusage.googleapis.com/v1/projects/relaxation-hub/services/cloudfunctions.googleapis.com:enable x-goog-quota-user=projects/relaxation-hub
[debug] [2023-10-03T00:23:30.853Z] <<< [apiv2][status] GET https://serviceusage.googleapis.com/v1/projects/relaxation-hub/services/runtimeconfig.googleapis.com 200
[debug] [2023-10-03T00:23:30.853Z] <<< [apiv2][body] GET https://serviceusage.googleapis.com/v1/projects/relaxation-hub/services/runtimeconfig.googleapis.com [omitted]
[debug] [2023-10-03T00:23:31.252Z] <<< [apiv2][status] POST https://serviceusage.googleapis.com/v1/projects/relaxation-hub/services/cloudfunctions.googleapis.com:enable 200
[debug] [2023-10-03T00:23:31.252Z] <<< [apiv2][body] POST https://serviceusage.googleapis.com/v1/projects/relaxation-hub/services/cloudfunctions.googleapis.com:enable [omitted]
[debug] [2023-10-03T00:23:41.254Z] >>> [apiv2][query] GET https://serviceusage.googleapis.com/v1/projects/relaxation-hub/services/cloudfunctions.googleapis.com [none]
[debug] [2023-10-03T00:23:41.254Z] >>> [apiv2][(partial)header] GET https://serviceusage.googleapis.com/v1/projects/relaxation-hub/services/cloudfunctions.googleapis.com x-goog-quota-user=projects/relaxation-hub
[debug] [2023-10-03T00:23:41.794Z] <<< [apiv2][status] GET https://serviceusage.googleapis.com/v1/projects/relaxation-hub/services/cloudfunctions.googleapis.com 200
[debug] [2023-10-03T00:23:41.794Z] <<< [apiv2][body] GET https://serviceusage.googleapis.com/v1/projects/relaxation-hub/services/cloudfunctions.googleapis.com [omitted]
[info] Let's create a new codebase for your functions.
[info] A directory corresponding to the codebase will be created in your project
[info] with sample code pre-configured.

[info] See https://firebase.google.com/docs/functions/organize-functions for
[info] more information on organizing your functions using codebases.

[info] Functions can be deployed with firebase deploy.

[info] ✔  Wrote functions/package.json 
[info] ✔  Wrote functions/.eslintrc.js 
[info] ✔  Wrote functions/index.js 
[info] ✔  Wrote functions/.gitignore 
[info] 
=== Hosting Setup
[info] 
[info] Your public directory is the folder (relative to your project directory) that
[info] will contain Hosting assets to be uploaded with firebase deploy. If you
[info] have a build process for your assets, use your build's output directory.
[info] 
[debug] [2023-10-03T00:24:43.281Z] >>> [apiv2][query] GET https://www.gstatic.com/firebasejs/releases.json [none]
[debug] [2023-10-03T00:24:43.488Z] <<< [apiv2][status] GET https://www.gstatic.com/firebasejs/releases.json 200
[debug] [2023-10-03T00:24:43.488Z] <<< [apiv2][body] GET https://www.gstatic.com/firebasejs/releases.json {"current":{"version":"10.4.0","browserURL":"https://www.gstatic.com/firebasejs/10.4.0/firebase.js","packageURL":"https://www.gstatic.com/firebasejs/10.4.0/firebase.tgz"},"live":{"version":"10.4","browserURL":"https://www.gstatic.com/firebasejs/live/10.4/firebase.js","packageURL":"https://www.gstatic.com/firebasejs/live/10.4/firebase.tgz"},"components":{"analytics":"https://www.gstatic.com/firebasejs/10.4.0/firebase-analytics.js","app":"https://www.gstatic.com/firebasejs/10.4.0/firebase-app.js","app-check":"https://www.gstatic.com/firebasejs/10.4.0/firebase-app-check.js","auth":"https://www.gstatic.com/firebasejs/10.4.0/firebase-auth.js","auth/cordova":"https://www.gstatic.com/firebasejs/10.4.0/firebase-auth/cordova.js","functions":"https://www.gstatic.com/firebasejs/10.4.0/firebase-functions.js","firestore":"https://www.gstatic.com/firebasejs/10.4.0/firebase-firestore.js","firestore/lite":"https://www.gstatic.com/firebasejs/10.4.0/firebase-firestore/lite.js","installations":"https://www.gstatic.com/firebasejs/10.4.0/firebase-installations.js","storage":"https://www.gstatic.com/firebasejs/10.4.0/firebase-storage.js","performance":"https://www.gstatic.com/firebasejs/10.4.0/firebase-performance.js","remote-config":"https://www.gstatic.com/firebasejs/10.4.0/firebase-remote-config.js","messaging":"https://www.gstatic.com/firebasejs/10.4.0/firebase-messaging.js","messaging/sw":"https://www.gstatic.com/firebasejs/10.4.0/firebase-messaging/sw.js","database":"https://www.gstatic.com/firebasejs/10.4.0/firebase-database.js","firestore.memory":"https://www.gstatic.com/firebasejs/10.4.0/firebase-firestore.memory.js"}}
[info] ✔  Wrote public/index.html 
[info] 
[info] i  Detected a .git folder at /Users/chaoticgreen/Lab/experiments/momsApps/Relaxation-Hub 
[info] i  Authorizing with GitHub to upload your service account to a GitHub repository's secrets store. 
[info] 
[info] Visit this URL on this device to log in:
[info] https://github.com/login/oauth/authorize?client_id=89cf50f02ac6aaed3484&state=775607168&redirect_uri=http%3A%2F%2Flocalhost%3A9005&scope=read%3Auser%20repo%20public_repo
[info] 
[info] Waiting for authentication...
[debug] [2023-10-03T00:25:03.724Z] >>> [apiv2][query] POST https://github.com/login/oauth/access_token [none]
[debug] [2023-10-03T00:25:03.725Z] >>> [apiv2][body] POST https://github.com/login/oauth/access_token [stream]
[debug] [2023-10-03T00:25:04.125Z] <<< [apiv2][status] POST https://github.com/login/oauth/access_token 200
[debug] [2023-10-03T00:25:04.126Z] <<< [apiv2][body] POST https://github.com/login/oauth/access_token {"access_token":"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","token_type":"bearer","scope":"read:user,repo"}
[debug] [2023-10-03T00:25:04.132Z] >>> [apiv2][query] GET https://api.github.com/user [none]
[debug] [2023-10-03T00:25:04.420Z] <<< [apiv2][status] GET https://api.github.com/user 200
[debug] [2023-10-03T00:25:04.421Z] <<< [apiv2][body] GET https://api.github.com/user {"login":"Jgreen42","id":93264201,"node_id":"U_kgDOBY8ZSQ","avatar_url":"https://avatars.githubusercontent.com/u/93264201?v=4","gravatar_id":"","url":"https://api.github.com/users/Jgreen42","html_url":"https://github.com/Jgreen42","followers_url":"https://api.github.com/users/Jgreen42/followers","following_url":"https://api.github.com/users/Jgreen42/following{/other_user}","gists_url":"https://api.github.com/users/Jgreen42/gists{/gist_id}","starred_url":"https://api.github.com/users/Jgreen42/starred{/owner}{/repo}","subscriptions_url":"https://api.github.com/users/Jgreen42/subscriptions","organizations_url":"https://api.github.com/users/Jgreen42/orgs","repos_url":"https://api.github.com/users/Jgreen42/repos","events_url":"https://api.github.com/users/Jgreen42/events{/privacy}","received_events_url":"https://api.github.com/users/Jgreen42/received_events","type":"User","site_admin":false,"name":"Josh Green","company":null,"blog":"https://www.linkedin.com/in/javatime/","location":"Seattle Area","email":null,"hireable":true,"bio":"I am a Heavy Equipment operator and veteran whom finds solace in dabbling with code and data. ","twitter_username":"chaoticjava","public_repos":51,"public_gists":0,"followers":18,"following":21,"created_at":"2021-10-27T12:43:27Z","updated_at":"2023-10-02T18:20:40Z","private_gists":0,"total_private_repos":3,"owned_private_repos":3,"disk_usage":37408,"collaborators":1,"two_factor_authentication":false,"plan":{"name":"free","space":976562499,"collaborators":0,"private_repos":10000}}
[info] 
[info] ✔  Success! Logged into GitHub as Jgreen42 
[info] 
